<?xml version="1.0" encoding="UTF-8"?>
<testsuite xmlns:xsi="http://www.w3.org/2001/XMLSchema-instance" xsi:noNamespaceSchemaLocation="https://maven.apache.org/surefire/maven-surefire-plugin/xsd/surefire-test-report-3.0.xsd" version="3.0" name="runners.TestRunner" time="0.603" tests="0" errors="0" skipped="0" failures="0">
  <properties>
    <property name="java.specification.version" value="14"/>
    <property name="sun.jnu.encoding" value="UTF-8"/>
    <property name="java.class.path" value="/Users/sabarish/Desktop/automation-tests/maven-learn/target/test-classes:/Users/sabarish/Desktop/automation-tests/maven-learn/target/classes:/Users/sabarish/.m2/repository/org/seleniumhq/selenium/selenium-java/3.141.59/selenium-java-3.141.59.jar:/Users/sabarish/.m2/repository/org/seleniumhq/selenium/selenium-api/3.141.59/selenium-api-3.141.59.jar:/Users/sabarish/.m2/repository/org/seleniumhq/selenium/selenium-chrome-driver/3.141.59/selenium-chrome-driver-3.141.59.jar:/Users/sabarish/.m2/repository/org/seleniumhq/selenium/selenium-edge-driver/3.141.59/selenium-edge-driver-3.141.59.jar:/Users/sabarish/.m2/repository/org/seleniumhq/selenium/selenium-firefox-driver/3.141.59/selenium-firefox-driver-3.141.59.jar:/Users/sabarish/.m2/repository/org/seleniumhq/selenium/selenium-ie-driver/3.141.59/selenium-ie-driver-3.141.59.jar:/Users/sabarish/.m2/repository/org/seleniumhq/selenium/selenium-opera-driver/3.141.59/selenium-opera-driver-3.141.59.jar:/Users/sabarish/.m2/repository/org/seleniumhq/selenium/selenium-remote-driver/3.141.59/selenium-remote-driver-3.141.59.jar:/Users/sabarish/.m2/repository/org/seleniumhq/selenium/selenium-safari-driver/3.141.59/selenium-safari-driver-3.141.59.jar:/Users/sabarish/.m2/repository/org/seleniumhq/selenium/selenium-support/3.141.59/selenium-support-3.141.59.jar:/Users/sabarish/.m2/repository/net/bytebuddy/byte-buddy/1.8.15/byte-buddy-1.8.15.jar:/Users/sabarish/.m2/repository/org/apache/commons/commons-exec/1.3/commons-exec-1.3.jar:/Users/sabarish/.m2/repository/com/google/guava/guava/25.0-jre/guava-25.0-jre.jar:/Users/sabarish/.m2/repository/com/google/code/findbugs/jsr305/1.3.9/jsr305-1.3.9.jar:/Users/sabarish/.m2/repository/org/checkerframework/checker-compat-qual/2.0.0/checker-compat-qual-2.0.0.jar:/Users/sabarish/.m2/repository/com/google/errorprone/error_prone_annotations/2.1.3/error_prone_annotations-2.1.3.jar:/Users/sabarish/.m2/repository/com/google/j2objc/j2objc-annotations/1.1/j2objc-annotations-1.1.jar:/Users/sabarish/.m2/repository/org/codehaus/mojo/animal-sniffer-annotations/1.14/animal-sniffer-annotations-1.14.jar:/Users/sabarish/.m2/repository/com/squareup/okhttp3/okhttp/3.11.0/okhttp-3.11.0.jar:/Users/sabarish/.m2/repository/com/squareup/okio/okio/1.14.0/okio-1.14.0.jar:/Users/sabarish/.m2/repository/io/cucumber/cucumber-junit/6.2.0/cucumber-junit-6.2.0.jar:/Users/sabarish/.m2/repository/org/apiguardian/apiguardian-api/1.1.0/apiguardian-api-1.1.0.jar:/Users/sabarish/.m2/repository/io/cucumber/cucumber-core/6.2.0/cucumber-core-6.2.0.jar:/Users/sabarish/.m2/repository/io/cucumber/cucumber-gherkin/6.2.0/cucumber-gherkin-6.2.0.jar:/Users/sabarish/.m2/repository/io/cucumber/cucumber-gherkin-messages/6.2.0/cucumber-gherkin-messages-6.2.0.jar:/Users/sabarish/.m2/repository/io/cucumber/messages/12.2.0/messages-12.2.0.jar:/Users/sabarish/.m2/repository/io/cucumber/tag-expressions/3.0.0/tag-expressions-3.0.0.jar:/Users/sabarish/.m2/repository/io/cucumber/cucumber-expressions/10.2.1/cucumber-expressions-10.2.1.jar:/Users/sabarish/.m2/repository/io/cucumber/datatable/3.3.1/datatable-3.3.1.jar:/Users/sabarish/.m2/repository/io/cucumber/cucumber-plugin/6.2.0/cucumber-plugin-6.2.0.jar:/Users/sabarish/.m2/repository/io/cucumber/docstring/6.2.0/docstring-6.2.0.jar:/Users/sabarish/.m2/repository/io/cucumber/html-formatter/7.0.0/html-formatter-7.0.0.jar:/Users/sabarish/.m2/repository/io/cucumber/cucumber-jvm-deps/1.0.6/cucumber-jvm-deps-1.0.6.jar:/Users/sabarish/.m2/repository/io/cucumber/cucumber-java/6.2.0/cucumber-java-6.2.0.jar:/Users/sabarish/.m2/repository/junit/junit/4.13/junit-4.13.jar:/Users/sabarish/.m2/repository/org/hamcrest/hamcrest-core/1.3/hamcrest-core-1.3.jar:/Users/sabarish/.m2/repository/io/cucumber/cucumber-picocontainer/6.4.0/cucumber-picocontainer-6.4.0.jar:/Users/sabarish/.m2/repository/org/picocontainer/picocontainer/2.15/picocontainer-2.15.jar:/Users/sabarish/.m2/repository/mysql/mysql-connector-java/8.0.21/mysql-connector-java-8.0.21.jar:/Users/sabarish/.m2/repository/com/google/protobuf/protobuf-java/3.11.4/protobuf-java-3.11.4.jar:/Users/sabarish/.m2/repository/org/testng/testng/6.14.3/testng-6.14.3.jar:/Users/sabarish/.m2/repository/com/beust/jcommander/1.72/jcommander-1.72.jar:/Users/sabarish/.m2/repository/org/apache-extras/beanshell/bsh/2.0b6/bsh-2.0b6.jar:/Users/sabarish/.m2/repository/org/apache/logging/log4j/log4j-api/2.13.3/log4j-api-2.13.3.jar:/Users/sabarish/.m2/repository/org/apache/logging/log4j/log4j-core/2.13.3/log4j-core-2.13.3.jar:/Users/sabarish/.m2/repository/org/apache/poi/poi/4.1.2/poi-4.1.2.jar:/Users/sabarish/.m2/repository/commons-codec/commons-codec/1.13/commons-codec-1.13.jar:/Users/sabarish/.m2/repository/org/apache/commons/commons-collections4/4.4/commons-collections4-4.4.jar:/Users/sabarish/.m2/repository/org/apache/commons/commons-math3/3.6.1/commons-math3-3.6.1.jar:/Users/sabarish/.m2/repository/com/zaxxer/SparseBitSet/1.2/SparseBitSet-1.2.jar:/Users/sabarish/.m2/repository/org/apache/poi/poi-scratchpad/4.1.2/poi-scratchpad-4.1.2.jar:/Users/sabarish/.m2/repository/org/apache/poi/poi-ooxml-schemas/4.1.2/poi-ooxml-schemas-4.1.2.jar:/Users/sabarish/.m2/repository/org/apache/xmlbeans/xmlbeans/3.1.0/xmlbeans-3.1.0.jar:/Users/sabarish/.m2/repository/org/apache/poi/poi-ooxml/4.1.2/poi-ooxml-4.1.2.jar:/Users/sabarish/.m2/repository/org/apache/commons/commons-compress/1.19/commons-compress-1.19.jar:/Users/sabarish/.m2/repository/com/github/virtuald/curvesapi/1.06/curvesapi-1.06.jar:/Users/sabarish/.m2/repository/org/apache/poi/poi-excelant/4.1.2/poi-excelant-4.1.2.jar:/Users/sabarish/.m2/repository/org/apache/ant/ant/1.8.2/ant-1.8.2.jar:/Users/sabarish/.m2/repository/org/apache/ant/ant-launcher/1.8.2/ant-launcher-1.8.2.jar:/Users/sabarish/.m2/repository/org/apache/httpcomponents/httpclient/4.5.2/httpclient-4.5.2.jar:/Users/sabarish/.m2/repository/org/apache/httpcomponents/httpcore/4.4.4/httpcore-4.4.4.jar:/Users/sabarish/.m2/repository/commons-logging/commons-logging/1.2/commons-logging-1.2.jar:/Users/sabarish/.m2/repository/io/github/bonigarcia/webdrivermanager/4.2.0/webdrivermanager-4.2.0.jar:/Users/sabarish/.m2/repository/org/slf4j/slf4j-api/1.7.30/slf4j-api-1.7.30.jar:/Users/sabarish/.m2/repository/commons-io/commons-io/2.7/commons-io-2.7.jar:/Users/sabarish/.m2/repository/com/google/code/gson/gson/2.8.6/gson-2.8.6.jar:/Users/sabarish/.m2/repository/org/apache/commons/commons-lang3/3.11/commons-lang3-3.11.jar:/Users/sabarish/.m2/repository/org/apache/httpcomponents/client5/httpclient5/5.0.1/httpclient5-5.0.1.jar:/Users/sabarish/.m2/repository/org/apache/httpcomponents/core5/httpcore5/5.0.1/httpcore5-5.0.1.jar:/Users/sabarish/.m2/repository/org/apache/httpcomponents/core5/httpcore5-h2/5.0.1/httpcore5-h2-5.0.1.jar:/Users/sabarish/.m2/repository/org/rauschig/jarchivelib/1.0.0/jarchivelib-1.0.0.jar:/Users/sabarish/.m2/repository/org/jsoup/jsoup/1.13.1/jsoup-1.13.1.jar:"/>
    <property name="java.vm.vendor" value="Oracle Corporation"/>
    <property name="sun.arch.data.model" value="64"/>
    <property name="java.vendor.url" value="https://openjdk.java.net/"/>
    <property name="user.timezone" value="America/New_York"/>
    <property name="os.name" value="Mac OS X"/>
    <property name="java.vm.specification.version" value="14"/>
    <property name="sun.java.launcher" value="SUN_STANDARD"/>
    <property name="user.country" value="US"/>
    <property name="sun.boot.library.path" value="/usr/local/Cellar/openjdk/14.0.1/libexec/openjdk.jdk/Contents/Home/lib"/>
    <property name="sun.java.command" value="/Users/sabarish/Desktop/automation-tests/maven-learn/target/surefire/surefirebooter14705993464211492817.jar /Users/sabarish/Desktop/automation-tests/maven-learn/target/surefire 2020-09-16T20-57-54_037-jvmRun1 surefire14871307257234752471tmp surefire_09500193018568774280tmp"/>
    <property name="http.nonProxyHosts" value="local|*.local|169.254/16|*.169.254/16"/>
    <property name="jdk.debug" value="release"/>
    <property name="surefire.test.class.path" value="/Users/sabarish/Desktop/automation-tests/maven-learn/target/test-classes:/Users/sabarish/Desktop/automation-tests/maven-learn/target/classes:/Users/sabarish/.m2/repository/org/seleniumhq/selenium/selenium-java/3.141.59/selenium-java-3.141.59.jar:/Users/sabarish/.m2/repository/org/seleniumhq/selenium/selenium-api/3.141.59/selenium-api-3.141.59.jar:/Users/sabarish/.m2/repository/org/seleniumhq/selenium/selenium-chrome-driver/3.141.59/selenium-chrome-driver-3.141.59.jar:/Users/sabarish/.m2/repository/org/seleniumhq/selenium/selenium-edge-driver/3.141.59/selenium-edge-driver-3.141.59.jar:/Users/sabarish/.m2/repository/org/seleniumhq/selenium/selenium-firefox-driver/3.141.59/selenium-firefox-driver-3.141.59.jar:/Users/sabarish/.m2/repository/org/seleniumhq/selenium/selenium-ie-driver/3.141.59/selenium-ie-driver-3.141.59.jar:/Users/sabarish/.m2/repository/org/seleniumhq/selenium/selenium-opera-driver/3.141.59/selenium-opera-driver-3.141.59.jar:/Users/sabarish/.m2/repository/org/seleniumhq/selenium/selenium-remote-driver/3.141.59/selenium-remote-driver-3.141.59.jar:/Users/sabarish/.m2/repository/org/seleniumhq/selenium/selenium-safari-driver/3.141.59/selenium-safari-driver-3.141.59.jar:/Users/sabarish/.m2/repository/org/seleniumhq/selenium/selenium-support/3.141.59/selenium-support-3.141.59.jar:/Users/sabarish/.m2/repository/net/bytebuddy/byte-buddy/1.8.15/byte-buddy-1.8.15.jar:/Users/sabarish/.m2/repository/org/apache/commons/commons-exec/1.3/commons-exec-1.3.jar:/Users/sabarish/.m2/repository/com/google/guava/guava/25.0-jre/guava-25.0-jre.jar:/Users/sabarish/.m2/repository/com/google/code/findbugs/jsr305/1.3.9/jsr305-1.3.9.jar:/Users/sabarish/.m2/repository/org/checkerframework/checker-compat-qual/2.0.0/checker-compat-qual-2.0.0.jar:/Users/sabarish/.m2/repository/com/google/errorprone/error_prone_annotations/2.1.3/error_prone_annotations-2.1.3.jar:/Users/sabarish/.m2/repository/com/google/j2objc/j2objc-annotations/1.1/j2objc-annotations-1.1.jar:/Users/sabarish/.m2/repository/org/codehaus/mojo/animal-sniffer-annotations/1.14/animal-sniffer-annotations-1.14.jar:/Users/sabarish/.m2/repository/com/squareup/okhttp3/okhttp/3.11.0/okhttp-3.11.0.jar:/Users/sabarish/.m2/repository/com/squareup/okio/okio/1.14.0/okio-1.14.0.jar:/Users/sabarish/.m2/repository/io/cucumber/cucumber-junit/6.2.0/cucumber-junit-6.2.0.jar:/Users/sabarish/.m2/repository/org/apiguardian/apiguardian-api/1.1.0/apiguardian-api-1.1.0.jar:/Users/sabarish/.m2/repository/io/cucumber/cucumber-core/6.2.0/cucumber-core-6.2.0.jar:/Users/sabarish/.m2/repository/io/cucumber/cucumber-gherkin/6.2.0/cucumber-gherkin-6.2.0.jar:/Users/sabarish/.m2/repository/io/cucumber/cucumber-gherkin-messages/6.2.0/cucumber-gherkin-messages-6.2.0.jar:/Users/sabarish/.m2/repository/io/cucumber/messages/12.2.0/messages-12.2.0.jar:/Users/sabarish/.m2/repository/io/cucumber/tag-expressions/3.0.0/tag-expressions-3.0.0.jar:/Users/sabarish/.m2/repository/io/cucumber/cucumber-expressions/10.2.1/cucumber-expressions-10.2.1.jar:/Users/sabarish/.m2/repository/io/cucumber/datatable/3.3.1/datatable-3.3.1.jar:/Users/sabarish/.m2/repository/io/cucumber/cucumber-plugin/6.2.0/cucumber-plugin-6.2.0.jar:/Users/sabarish/.m2/repository/io/cucumber/docstring/6.2.0/docstring-6.2.0.jar:/Users/sabarish/.m2/repository/io/cucumber/html-formatter/7.0.0/html-formatter-7.0.0.jar:/Users/sabarish/.m2/repository/io/cucumber/cucumber-jvm-deps/1.0.6/cucumber-jvm-deps-1.0.6.jar:/Users/sabarish/.m2/repository/io/cucumber/cucumber-java/6.2.0/cucumber-java-6.2.0.jar:/Users/sabarish/.m2/repository/junit/junit/4.13/junit-4.13.jar:/Users/sabarish/.m2/repository/org/hamcrest/hamcrest-core/1.3/hamcrest-core-1.3.jar:/Users/sabarish/.m2/repository/io/cucumber/cucumber-picocontainer/6.4.0/cucumber-picocontainer-6.4.0.jar:/Users/sabarish/.m2/repository/org/picocontainer/picocontainer/2.15/picocontainer-2.15.jar:/Users/sabarish/.m2/repository/mysql/mysql-connector-java/8.0.21/mysql-connector-java-8.0.21.jar:/Users/sabarish/.m2/repository/com/google/protobuf/protobuf-java/3.11.4/protobuf-java-3.11.4.jar:/Users/sabarish/.m2/repository/org/testng/testng/6.14.3/testng-6.14.3.jar:/Users/sabarish/.m2/repository/com/beust/jcommander/1.72/jcommander-1.72.jar:/Users/sabarish/.m2/repository/org/apache-extras/beanshell/bsh/2.0b6/bsh-2.0b6.jar:/Users/sabarish/.m2/repository/org/apache/logging/log4j/log4j-api/2.13.3/log4j-api-2.13.3.jar:/Users/sabarish/.m2/repository/org/apache/logging/log4j/log4j-core/2.13.3/log4j-core-2.13.3.jar:/Users/sabarish/.m2/repository/org/apache/poi/poi/4.1.2/poi-4.1.2.jar:/Users/sabarish/.m2/repository/commons-codec/commons-codec/1.13/commons-codec-1.13.jar:/Users/sabarish/.m2/repository/org/apache/commons/commons-collections4/4.4/commons-collections4-4.4.jar:/Users/sabarish/.m2/repository/org/apache/commons/commons-math3/3.6.1/commons-math3-3.6.1.jar:/Users/sabarish/.m2/repository/com/zaxxer/SparseBitSet/1.2/SparseBitSet-1.2.jar:/Users/sabarish/.m2/repository/org/apache/poi/poi-scratchpad/4.1.2/poi-scratchpad-4.1.2.jar:/Users/sabarish/.m2/repository/org/apache/poi/poi-ooxml-schemas/4.1.2/poi-ooxml-schemas-4.1.2.jar:/Users/sabarish/.m2/repository/org/apache/xmlbeans/xmlbeans/3.1.0/xmlbeans-3.1.0.jar:/Users/sabarish/.m2/repository/org/apache/poi/poi-ooxml/4.1.2/poi-ooxml-4.1.2.jar:/Users/sabarish/.m2/repository/org/apache/commons/commons-compress/1.19/commons-compress-1.19.jar:/Users/sabarish/.m2/repository/com/github/virtuald/curvesapi/1.06/curvesapi-1.06.jar:/Users/sabarish/.m2/repository/org/apache/poi/poi-excelant/4.1.2/poi-excelant-4.1.2.jar:/Users/sabarish/.m2/repository/org/apache/ant/ant/1.8.2/ant-1.8.2.jar:/Users/sabarish/.m2/repository/org/apache/ant/ant-launcher/1.8.2/ant-launcher-1.8.2.jar:/Users/sabarish/.m2/repository/org/apache/httpcomponents/httpclient/4.5.2/httpclient-4.5.2.jar:/Users/sabarish/.m2/repository/org/apache/httpcomponents/httpcore/4.4.4/httpcore-4.4.4.jar:/Users/sabarish/.m2/repository/commons-logging/commons-logging/1.2/commons-logging-1.2.jar:/Users/sabarish/.m2/repository/io/github/bonigarcia/webdrivermanager/4.2.0/webdrivermanager-4.2.0.jar:/Users/sabarish/.m2/repository/org/slf4j/slf4j-api/1.7.30/slf4j-api-1.7.30.jar:/Users/sabarish/.m2/repository/commons-io/commons-io/2.7/commons-io-2.7.jar:/Users/sabarish/.m2/repository/com/google/code/gson/gson/2.8.6/gson-2.8.6.jar:/Users/sabarish/.m2/repository/org/apache/commons/commons-lang3/3.11/commons-lang3-3.11.jar:/Users/sabarish/.m2/repository/org/apache/httpcomponents/client5/httpclient5/5.0.1/httpclient5-5.0.1.jar:/Users/sabarish/.m2/repository/org/apache/httpcomponents/core5/httpcore5/5.0.1/httpcore5-5.0.1.jar:/Users/sabarish/.m2/repository/org/apache/httpcomponents/core5/httpcore5-h2/5.0.1/httpcore5-h2-5.0.1.jar:/Users/sabarish/.m2/repository/org/rauschig/jarchivelib/1.0.0/jarchivelib-1.0.0.jar:/Users/sabarish/.m2/repository/org/jsoup/jsoup/1.13.1/jsoup-1.13.1.jar:"/>
    <property name="sun.cpu.endian" value="little"/>
    <property name="user.home" value="/Users/sabarish"/>
    <property name="user.language" value="en"/>
    <property name="java.specification.vendor" value="Oracle Corporation"/>
    <property name="java.version.date" value="2020-04-14"/>
    <property name="java.home" value="/usr/local/Cellar/openjdk/14.0.1/libexec/openjdk.jdk/Contents/Home"/>
    <property name="file.separator" value="/"/>
    <property name="basedir" value="/Users/sabarish/Desktop/automation-tests/maven-learn"/>
    <property name="java.vm.compressedOopsMode" value="Zero based"/>
    <property name="line.separator" value="&#10;"/>
    <property name="java.vm.specification.vendor" value="Oracle Corporation"/>
    <property name="java.specification.name" value="Java Platform API Specification"/>
    <property name="surefire.real.class.path" value="/Users/sabarish/Desktop/automation-tests/maven-learn/target/surefire/surefirebooter14705993464211492817.jar"/>
    <property name="sun.management.compiler" value="HotSpot 64-Bit Tiered Compilers"/>
    <property name="ftp.nonProxyHosts" value="local|*.local|169.254/16|*.169.254/16"/>
    <property name="java.runtime.version" value="14.0.1+14"/>
    <property name="user.name" value="sabarish"/>
    <property name="path.separator" value=":"/>
    <property name="os.version" value="10.14.6"/>
    <property name="java.runtime.name" value="OpenJDK Runtime Environment"/>
    <property name="file.encoding" value="UTF-8"/>
    <property name="java.vm.name" value="OpenJDK 64-Bit Server VM"/>
    <property name="localRepository" value="/Users/sabarish/.m2/repository"/>
    <property name="java.vendor.url.bug" value="https://bugreport.java.com/bugreport/"/>
    <property name="java.io.tmpdir" value="/var/folders/1k/55z7pvlj7sz1hwx4rl5_l0gr0000gn/T/"/>
    <property name="java.version" value="14.0.1"/>
    <property name="cucumber.filter.tags" value="@smoke"/>
    <property name="user.dir" value="/Users/sabarish/Desktop/automation-tests/maven-learn"/>
    <property name="os.arch" value="x86_64"/>
    <property name="java.vm.specification.name" value="Java Virtual Machine Specification"/>
    <property name="env" value="local"/>
    <property name="java.library.path" value="/Users/sabarish/Library/Java/Extensions:/Library/Java/Extensions:/Network/Library/Java/Extensions:/System/Library/Java/Extensions:/usr/lib/java:."/>
    <property name="java.vm.info" value="mixed mode, sharing"/>
    <property name="java.vendor" value="N/A"/>
    <property name="java.vm.version" value="14.0.1+14"/>
    <property name="sun.io.unicode.encoding" value="UnicodeBig"/>
    <property name="socksNonProxyHosts" value="local|*.local|169.254/16|*.169.254/16"/>
    <property name="java.class.version" value="58.0"/>
  </properties>
</testsuite>