<?xml version="1.0" encoding="UTF-8"?>
<!-- Generated by org.testng.reporters.JUnitReportReporter -->
<testsuite hostname="Sais-MacBook-Pro.local" failures="0" tests="1" name="regressiontestsuite.DynamicDropDownTest" time="5.487" errors="0" timestamp="12 Sep 2020 17:37:37 GMT" skipped="0">
  <testcase classname="regressiontestsuite.DynamicDropDownTest" name="verifyAlertBoxText" time="5.487"/>
</testsuite> <!-- regressiontestsuite.DynamicDropDownTest -->
