<?xml version="1.0" encoding="UTF-8"?>
<!-- Generated by org.testng.reporters.JUnitReportReporter -->
<testsuite hostname="Sais-MBP" failures="0" tests="1" name="regressiontestsuite.FilterTalbleTest" time="2.012" errors="0" timestamp="13 Sep 2020 01:09:16 GMT" skipped="0">
  <testcase classname="regressiontestsuite.FilterTalbleTest" name="filterTest" time="2.012"/>
</testsuite> <!-- regressiontestsuite.FilterTalbleTest -->
