<?xml version="1.0" encoding="UTF-8"?>
<!-- Generated by org.testng.reporters.JUnitReportReporter -->
<testsuite hostname="Sais-MBP" failures="0" tests="1" name="regressiontestsuite.CheckBoxTest" time="3.940" errors="0" timestamp="13 Sep 2020 15:27:50 GMT" skipped="0">
  <testcase classname="regressiontestsuite.CheckBoxTest" name="selectCheckBox" time="3.940"/>
</testsuite> <!-- regressiontestsuite.CheckBoxTest -->
