<?xml version="1.0" encoding="UTF-8"?>
<!-- Generated by org.testng.reporters.JUnitReportReporter -->
<testsuite hostname="Sais-MBP" failures="0" tests="1" name="regressiontestsuite.RegressionTest1" time="0.010" errors="0" timestamp="16 Sep 2020 21:00:03 GMT" skipped="0">
  <testcase classname="regressiontestsuite.RegressionTest1" name="sucessTest" time="0.010"/>
</testsuite> <!-- regressiontestsuite.RegressionTest1 -->
