<?xml version="1.0" encoding="UTF-8"?>
<!-- Generated by org.testng.reporters.JUnitReportReporter -->
<testsuite hostname="Sais-MacBook-Pro.local" failures="0" tests="2" name="regressiontestsuite.RadioButtonTest" time="7.783" errors="0" timestamp="12 Sep 2020 17:57:50 GMT" skipped="0">
  <testcase classname="regressiontestsuite.RadioButtonTest" name="selectRadioButton1" time="2.799"/>
  <testcase classname="regressiontestsuite.RadioButtonTest" name="selectRadioButton" time="4.984"/>
</testsuite> <!-- regressiontestsuite.RadioButtonTest -->
