<?xml version="1.0" encoding="UTF-8"?>
<!-- Generated by org.testng.reporters.JUnitReportReporter -->
<testsuite hostname="Sais-MBP" failures="0" tests="1" name="regressiontestsuite.DropDownTest" time="6.895" errors="0" timestamp="12 Sep 2020 22:54:24 GMT" skipped="0">
  <testcase classname="regressiontestsuite.DropDownTest" name="verifyAlertBoxText" time="6.895"/>
</testsuite> <!-- regressiontestsuite.DropDownTest -->
