<?xml version="1.0" encoding="UTF-8"?>
<!-- Generated by org.testng.reporters.JUnitReportReporter -->
<testsuite hostname="Sais-MBP" failures="0" tests="4" name="regressiontestsuite.StreamTest" time="0.014" errors="0" timestamp="12 Sep 2020 23:52:47 GMT" skipped="3">
  <testcase classname="regressiontestsuite.StreamTest" name="StreamCollect" time="0.014"/>
  <testcase classname="regressiontestsuite.StreamTest" name="Test1">
    <skipped/>
  </testcase> <!-- Test1 -->
  <testcase classname="regressiontestsuite.StreamTest" name="StreamMap">
    <skipped/>
  </testcase> <!-- StreamMap -->
  <testcase classname="regressiontestsuite.StreamTest" name="StreamFilter">
    <skipped/>
  </testcase> <!-- StreamFilter -->
</testsuite> <!-- regressiontestsuite.StreamTest -->
