<?xml version="1.0" encoding="UTF-8"?>
<!-- Generated by org.testng.reporters.JUnitReportReporter -->
<testsuite hostname="Sais-MacBook-Pro.local" failures="0" tests="1" name="regressiontestsuite.VerifyCountTest" time="0.221" errors="0" timestamp="12 Sep 2020 14:27:07 GMT" skipped="0">
  <testcase classname="regressiontestsuite.VerifyCountTest" name="verifycount" time="0.221"/>
</testsuite> <!-- regressiontestsuite.VerifyCountTest -->
