<?xml version="1.0" encoding="UTF-8"?>
<!-- Generated by org.testng.reporters.JUnitReportReporter -->
<testsuite hostname="Sais-MBP" failures="0" tests="2" name="regressiontestsuite.RegressionTest2" time="0.004" errors="0" timestamp="16 Sep 2020 21:25:13 GMT" skipped="0">
  <testcase classname="regressiontestsuite.RegressionTest2" name="failedTest" time="0.003"/>
  <testcase classname="regressiontestsuite.RegressionTest2" name="successTest" time="0.001"/>
</testsuite> <!-- regressiontestsuite.RegressionTest2 -->
