<?xml version="1.0" encoding="UTF-8"?>
<!-- Generated by org.testng.reporters.JUnitReportReporter -->
<testsuite hostname="Sais-MBP" failures="0" tests="10" name="regressiontestsuite.ExcelDataDrivenTest" time="24.610" errors="0" timestamp="13 Sep 2020 16:50:30 GMT" skipped="0">
  <testcase classname="regressiontestsuite.ExcelDataDrivenTest" name="verifyProductDetails" time="2.403"/>
  <testcase classname="regressiontestsuite.ExcelDataDrivenTest" name="verifyProductDetails" time="2.408"/>
  <testcase classname="regressiontestsuite.ExcelDataDrivenTest" name="verifyProductDetails" time="2.420"/>
  <testcase classname="regressiontestsuite.ExcelDataDrivenTest" name="verifyProductDetails" time="2.353"/>
  <testcase classname="regressiontestsuite.ExcelDataDrivenTest" name="verifyProductDetails" time="2.569"/>
  <testcase classname="regressiontestsuite.ExcelDataDrivenTest" name="verifyProductDetails" time="2.364"/>
  <testcase classname="regressiontestsuite.ExcelDataDrivenTest" name="verifyProductDetails" time="2.940"/>
  <testcase classname="regressiontestsuite.ExcelDataDrivenTest" name="verifyProductDetails" time="2.411"/>
  <testcase classname="regressiontestsuite.ExcelDataDrivenTest" name="verifyProductDetails" time="2.387"/>
  <testcase classname="regressiontestsuite.ExcelDataDrivenTest" name="verifyProductDetails" time="2.355"/>
</testsuite> <!-- regressiontestsuite.ExcelDataDrivenTest -->
