<?xml version="1.0" encoding="UTF-8"?>
<!-- Generated by org.testng.reporters.JUnitReportReporter -->
<testsuite hostname="Sais-MBP" failures="0" tests="1" name="regressiontestsuite.DifferentClicks" time="15.722" errors="0" timestamp="13 Sep 2020 16:21:24 GMT" skipped="0">
  <testcase classname="regressiontestsuite.DifferentClicks" name="rightClick" time="15.722"/>
</testsuite> <!-- regressiontestsuite.DifferentClicks -->
