<?xml version="1.0" encoding="UTF-8"?>
<!-- Generated by org.testng.reporters.JUnitReportReporter -->
<testsuite hostname="Sais-MBP" failures="0" tests="2" name="regressiontestsuite.RegressionTest1" time="0.008" errors="0" timestamp="16 Sep 2020 21:20:25 GMT" skipped="0">
  <testcase classname="regressiontestsuite.RegressionTest1" name="failedTest" time="0.005"/>
  <testcase classname="regressiontestsuite.RegressionTest1" name="sucessTest" time="0.003"/>
</testsuite> <!-- regressiontestsuite.RegressionTest1 -->
