<?xml version="1.0" encoding="UTF-8"?>
<!-- Generated by org.testng.reporters.JUnitReportReporter -->
<testsuite hostname="Sais-MacBook-Pro.local" failures="0" tests="2" name="regressiontestsuite.FramesTest" time="8.721" errors="0" timestamp="12 Sep 2020 15:45:05 GMT" skipped="0">
  <testcase classname="regressiontestsuite.FramesTest" name="verifyFirstFrameTileAndSwitch" time="6.315"/>
  <testcase classname="regressiontestsuite.FramesTest" name="verifyFrameCount" time="2.406"/>
</testsuite> <!-- regressiontestsuite.FramesTest -->
