<?xml version="1.0" encoding="UTF-8"?>
<!-- Generated by org.testng.reporters.JUnitReportReporter -->
<testsuite hostname="Sais-MBP" failures="0" tests="2" name="smokesuite.SmokeTest2" time="0.002" errors="0" timestamp="17 Sep 2020 00:51:34 GMT" skipped="0">
  <testcase classname="smokesuite.SmokeTest2" name="failedTest" time="0.001"/>
  <testcase classname="smokesuite.SmokeTest2" name="sucessTest" time="0.001"/>
</testsuite> <!-- smokesuite.SmokeTest2 -->
