<?xml version="1.0" encoding="UTF-8"?>
<!-- Generated by org.testng.reporters.JUnitReportReporter -->
<testsuite hostname="Sais-MBP" failures="0" tests="2" name="smokesuite.SmokeTest2" time="0.002" errors="0" timestamp="16 Sep 2020 23:38:07 GMT" skipped="0">
  <testcase classname="smokesuite.SmokeTest2" name="failedTest" time="0.000"/>
  <testcase classname="smokesuite.SmokeTest2" name="sucessTest" time="0.002"/>
</testsuite> <!-- smokesuite.SmokeTest2 -->
